<?xml version="1.0" encoding="UTF-8"?>
<!-- Generated by org.testng.reporters.JUnitReportReporter -->
<testsuite skipped="0" hostname="Matthews-MBP" name="OperationsAppTasks.Task1732Main" tests="6" failures="0" timestamp="2021-05-01T12:20:08 EDT" time="430.521" errors="0">
  <testcase name="RecreateOrder" time="169.595" classname="OperationsAppTasks.Task1732Main"/>
  <system-out>
Clicked on Started New Order  </system-out>
  <testcase name="Releaseorder" time="36.575" classname="OperationsAppTasks.Task1732Main"/>
  <system-out/>
  <testcase name="Processorder" time="103.255" classname="OperationsAppTasks.Task1732Main"/>
  <system-out/>
  <testcase name="Transfertocontainer" time="36.742" classname="OperationsAppTasks.Task1732Main"/>
  <system-out/>
  <testcase name="Tailoring" time="47.163" classname="OperationsAppTasks.Task1732Main"/>
  <system-out/>
  <testcase name="QualityAsurance" time="37.191" classname="OperationsAppTasks.Task1732Main"/>
  <system-out/>
</testsuite> <!-- OperationsAppTasks.Task1732Main -->
