<?xml version="1.0" encoding="UTF-8"?>
<!-- Generated by org.testng.reporters.JUnitReportReporter -->
<testsuite skipped="0" hostname="ojas-dl181" name="BrokenlinksAmazon" tests="1" failures="0" timestamp="2021-04-20T22:34:46 IST" time="10.107" errors="0">
  <testcase name="loginpittsburgh" time="10.107" classname="BrokenlinksAmazon"/>
  <system-out/>
</testsuite> <!-- BrokenlinksAmazon -->
