<?xml version="1.0" encoding="UTF-8"?>
<!-- Generated by org.testng.reporters.JUnitReportReporter -->
<testsuite skipped="0" hostname="Matthews-MBP" name="OperationsAppTasks.Logintoordercreation" tests="6" failures="0" timestamp="2021-05-01T11:58:49 EDT" time="291.987" errors="0">
  <testcase name="Testcase1LoginFunctionality" time="6.107" classname="OperationsAppTasks.Logintoordercreation"/>
  <system-out>
Method ExecutedLogin  </system-out>
  <testcase name="BarcodeScanning" time="7.922" classname="OperationsAppTasks.Logintoordercreation"/>
  <system-out>
Method ExecutedBarcodeScanning  </system-out>
  <testcase name="POSmodule" time="32.437" classname="OperationsAppTasks.Logintoordercreation"/>
  <system-out>
Clicked on Started New Order Method ExecutedPOSmodule  </system-out>
  <testcase name="AddProductNeedsPicked" time="22.732" classname="OperationsAppTasks.Logintoordercreation"/>
  <system-out>
Method ExecutedAddProductNeedsPicked  </system-out>
  <testcase name="AddProductNeedsPicked2" time="59.312" classname="OperationsAppTasks.Logintoordercreation"/>
  <system-out>
Method ExecutedAddProductNeedsPicked2  </system-out>
  <testcase name="AddProductNeedsPicked3" time="163.477" classname="OperationsAppTasks.Logintoordercreation"/>
  <system-out>
Method ExecutedAddProductNeedsPicked3  </system-out>
</testsuite> <!-- OperationsAppTasks.Logintoordercreation -->
