<?xml version="1.0" encoding="UTF-8"?>
<!-- Generated by org.testng.reporters.JUnitReportReporter -->
<testsuite skipped="0" hostname="ojas-dl181" name="OperationsAppTasks.LoginTask" tests="1" failures="0" timestamp="2021-04-21T07:51:11 IST" time="8.002" errors="0">
  <testcase name="loginpittsburgh" time="8.002" classname="OperationsAppTasks.LoginTask"/>
  <system-out/>
</testsuite> <!-- OperationsAppTasks.LoginTask -->
