<?xml version="1.0" encoding="UTF-8"?>
<!-- Generated by org.testng.reporters.JUnitReportReporter -->
<testsuite skipped="0" hostname="Matthews-MBP" name="OperationsAppTasks.Task1767ChromeMobileEmulatorItem1" tests="6" failures="0" timestamp="2021-05-01T11:58:49 EDT" time="520.491" errors="0">
  <testcase name="mobiletest" time="172.812" classname="OperationsAppTasks.Task1767ChromeMobileEmulatorItem1"/>
  <system-out/>
  <testcase name="Releaseorder" time="36.505" classname="OperationsAppTasks.Task1767ChromeMobileEmulatorItem1"/>
  <system-out/>
  <testcase name="Processorder" time="111.263" classname="OperationsAppTasks.Task1767ChromeMobileEmulatorItem1"/>
  <system-out/>
  <testcase name="Transfertocontainer" time="53.314" classname="OperationsAppTasks.Task1767ChromeMobileEmulatorItem1"/>
  <system-out/>
  <testcase name="Tailoring" time="76.483" classname="OperationsAppTasks.Task1767ChromeMobileEmulatorItem1"/>
  <system-out/>
  <testcase name="QualityAsurance" time="70.114" classname="OperationsAppTasks.Task1767ChromeMobileEmulatorItem1"/>
  <system-out/>
</testsuite> <!-- OperationsAppTasks.Task1767ChromeMobileEmulatorItem1 -->
