<?xml version="1.0" encoding="UTF-8"?>
<!-- Generated by org.testng.reporters.JUnitReportReporter -->
<testsuite skipped="0" hostname="Matthews-MBP" name="com.pittsburgh.EcommerceappTasks.EcommerceLogin" tests="1" failures="0" timestamp="2021-05-01T10:29:54 EDT" time="12.103" errors="0">
  <testcase name="testlogin" time="12.103" classname="com.pittsburgh.EcommerceappTasks.EcommerceLogin"/>
  <system-out/>
</testsuite> <!-- com.pittsburgh.EcommerceappTasks.EcommerceLogin -->
